Sun Nov 05 2017 14:46:11 GMT+0530 (IST): GET /
Sun Nov 05 2017 14:46:11 GMT+0530 (IST): GET /users/login
Sun Nov 05 2017 14:46:13 GMT+0530 (IST): POST /users/login
Sun Nov 05 2017 14:46:14 GMT+0530 (IST): GET /
Sun Nov 05 2017 14:46:16 GMT+0530 (IST): GET /dashboard
Sun Nov 05 2017 14:46:55 GMT+0530 (IST): GET /tinyurl
Sun Nov 05 2017 14:47:02 GMT+0530 (IST): POST /shorten
Sun Nov 05 2017 14:47:14 GMT+0530 (IST): GET /dashboard
Sun Nov 05 2017 14:50:03 GMT+0530 (IST): GET /users/logout
Sun Nov 05 2017 14:50:03 GMT+0530 (IST): GET /users/login
Sun Nov 05 2017 14:50:17 GMT+0530 (IST): GET /users/login
Sun Nov 05 2017 14:50:18 GMT+0530 (IST): GET /users/login
Sun Nov 05 2017 14:50:37 GMT+0530 (IST): GET /users/login
Sun Nov 05 2017 14:53:11 GMT+0530 (IST): GET /users/login
Sun Nov 05 2017 14:53:14 GMT+0530 (IST): POST /users/login
Sun Nov 05 2017 14:53:14 GMT+0530 (IST): GET /
Sun Nov 05 2017 14:53:19 GMT+0530 (IST): GET /users/logout
Sun Nov 05 2017 14:53:19 GMT+0530 (IST): GET /users/login
Sun Nov 05 2017 14:53:26 GMT+0530 (IST): POST /users/login
Sun Nov 05 2017 14:53:26 GMT+0530 (IST): GET /
Sun Nov 05 2017 14:53:28 GMT+0530 (IST): GET /users/logout
Sun Nov 05 2017 14:53:28 GMT+0530 (IST): GET /users/login
Sun Nov 05 2017 14:53:30 GMT+0530 (IST): GET /users/register
Sun Nov 05 2017 14:54:00 GMT+0530 (IST): POST /users/register
Sun Nov 05 2017 14:54:43 GMT+0530 (IST): GET /users/login
Sun Nov 05 2017 14:54:45 GMT+0530 (IST): POST /users/login
Sun Nov 05 2017 14:54:46 GMT+0530 (IST): GET /
Sun Nov 05 2017 14:54:57 GMT+0530 (IST): POST /shorten
Sun Nov 05 2017 14:54:59 GMT+0530 (IST): GET /tinyurl/b
Sun Nov 05 2017 14:55:11 GMT+0530 (IST): GET /tinyurl/bddd
Sun Nov 05 2017 14:55:11 GMT+0530 (IST): GET /error
Sun Nov 05 2017 14:55:11 GMT+0530 (IST): GET /css/styles.css
Sun Nov 05 2017 14:55:11 GMT+0530 (IST): GET /javascripts/shorten.js
Sun Nov 05 2017 14:55:11 GMT+0530 (IST): GET /javascripts/shorten.js
Sun Nov 05 2017 14:55:30 GMT+0530 (IST): GET /dashboard
Sun Nov 05 2017 14:56:07 GMT+0530 (IST): GET /dashboard
Sun Nov 05 2017 14:56:11 GMT+0530 (IST): GET /users/login
Sun Nov 05 2017 14:56:17 GMT+0530 (IST): POST /users/login
Sun Nov 05 2017 14:56:17 GMT+0530 (IST): GET /users/login
Sun Nov 05 2017 14:57:38 GMT+0530 (IST): GET /dashboard
Sun Nov 05 2017 14:58:18 GMT+0530 (IST): GET /dashboard
Sun Nov 05 2017 15:06:23 GMT+0530 (IST): GET /users/logout
Sun Nov 05 2017 15:06:23 GMT+0530 (IST): GET /users/login
Sun Nov 05 2017 17:09:29 GMT+0530 (IST): GET /
Sun Nov 05 2017 17:09:29 GMT+0530 (IST): GET /users/login
Sun Nov 05 2017 17:09:55 GMT+0530 (IST): POST /users/login
Sun Nov 05 2017 17:09:55 GMT+0530 (IST): GET /
Sun Nov 05 2017 17:09:59 GMT+0530 (IST): GET /users/logout
Sun Nov 05 2017 17:09:59 GMT+0530 (IST): GET /users/login
Sun Nov 05 2017 17:10:00 GMT+0530 (IST): GET /users/register
Sun Nov 05 2017 17:10:03 GMT+0530 (IST): POST /users/register
Sun Nov 05 2017 17:10:04 GMT+0530 (IST): GET /users/login
Sun Nov 05 2017 17:10:08 GMT+0530 (IST): POST /users/login
Sun Nov 05 2017 17:10:08 GMT+0530 (IST): GET /users/login
Sun Nov 05 2017 17:10:11 GMT+0530 (IST): POST /users/login
Sun Nov 05 2017 17:10:11 GMT+0530 (IST): GET /users/login
Sun Nov 05 2017 17:10:15 GMT+0530 (IST): POST /users/login
Sun Nov 05 2017 17:10:15 GMT+0530 (IST): GET /users/login
Sun Nov 05 2017 17:10:21 GMT+0530 (IST): GET /users/login
Sun Nov 05 2017 17:10:22 GMT+0530 (IST): POST /users/login
Sun Nov 05 2017 17:10:22 GMT+0530 (IST): GET /
Sun Nov 05 2017 17:10:24 GMT+0530 (IST): GET /tinyurl
Sun Nov 05 2017 17:11:18 GMT+0530 (IST): GET /
Sun Nov 05 2017 17:11:21 GMT+0530 (IST): GET /
Sun Nov 05 2017 17:11:51 GMT+0530 (IST): GET /
Sun Nov 05 2017 17:11:52 GMT+0530 (IST): GET /
Sun Nov 05 2017 17:11:52 GMT+0530 (IST): GET /
Sun Nov 05 2017 17:11:53 GMT+0530 (IST): GET /
Sun Nov 05 2017 17:12:41 GMT+0530 (IST): GET /
Sun Nov 05 2017 17:12:42 GMT+0530 (IST): GET /
Sun Nov 05 2017 17:12:42 GMT+0530 (IST): GET /
Sun Nov 05 2017 17:12:43 GMT+0530 (IST): GET /
Sun Nov 05 2017 17:12:43 GMT+0530 (IST): GET /
Sun Nov 05 2017 17:12:43 GMT+0530 (IST): GET /
Sun Nov 05 2017 17:12:53 GMT+0530 (IST): GET /
Sun Nov 05 2017 17:12:53 GMT+0530 (IST): GET /users/login
Sun Nov 05 2017 17:12:53 GMT+0530 (IST): GET /users/login
Sun Nov 05 2017 17:12:53 GMT+0530 (IST): GET /users/login
Sun Nov 05 2017 17:12:54 GMT+0530 (IST): GET /users/login
Sun Nov 05 2017 17:13:08 GMT+0530 (IST): GET /
Sun Nov 05 2017 17:13:08 GMT+0530 (IST): GET /users/login
Sun Nov 05 2017 17:13:40 GMT+0530 (IST): GET /users/login
Sun Nov 05 2017 17:13:41 GMT+0530 (IST): GET /users/login
Sun Nov 05 2017 17:13:41 GMT+0530 (IST): GET /users/login
Sun Nov 05 2017 17:13:41 GMT+0530 (IST): GET /users/login
Sun Nov 05 2017 17:14:19 GMT+0530 (IST): GET /css/bootstrap.min.css.map
Sun Nov 05 2017 17:14:21 GMT+0530 (IST): GET /users/login
Sun Nov 05 2017 17:14:21 GMT+0530 (IST): GET /css/bootstrap.min.css.map
Sun Nov 05 2017 17:14:22 GMT+0530 (IST): GET /users/login
Sun Nov 05 2017 17:14:22 GMT+0530 (IST): GET /css/bootstrap.min.css.map
Sun Nov 05 2017 17:14:23 GMT+0530 (IST): GET /users/login
Sun Nov 05 2017 17:14:23 GMT+0530 (IST): GET /css/bootstrap.min.css.map
Sun Nov 05 2017 17:14:23 GMT+0530 (IST): GET /users/login
Sun Nov 05 2017 17:14:24 GMT+0530 (IST): GET /css/bootstrap.min.css.map
Sun Nov 05 2017 17:15:56 GMT+0530 (IST): GET /
Sun Nov 05 2017 17:15:56 GMT+0530 (IST): GET /users/login
Sun Nov 05 2017 17:17:56 GMT+0530 (IST): POST /users/login
Sun Nov 05 2017 17:17:56 GMT+0530 (IST): GET /
Sun Nov 05 2017 17:17:58 GMT+0530 (IST): GET /users/logout
Sun Nov 05 2017 17:17:58 GMT+0530 (IST): GET /users/login
Sun Nov 05 2017 17:18:01 GMT+0530 (IST): POST /users/login
Sun Nov 05 2017 17:18:01 GMT+0530 (IST): GET /users/login
Sun Nov 05 2017 17:18:29 GMT+0530 (IST): GET /users/login
Sun Nov 05 2017 17:18:53 GMT+0530 (IST): GET /users/login
Sun Nov 05 2017 17:19:16 GMT+0530 (IST): GET /users/login
Sun Nov 05 2017 17:19:44 GMT+0530 (IST): GET /users/login
Sun Nov 05 2017 17:19:49 GMT+0530 (IST): GET /users/login
Sun Nov 05 2017 17:19:50 GMT+0530 (IST): POST /users/login
Sun Nov 05 2017 17:19:50 GMT+0530 (IST): GET /
Sun Nov 05 2017 17:20:20 GMT+0530 (IST): GET /
Sun Nov 05 2017 17:20:34 GMT+0530 (IST): GET /dashboard
Sun Nov 05 2017 17:26:14 GMT+0530 (IST): GET /dashboard
Sun Nov 05 2017 17:32:11 GMT+0530 (IST): GET /users/logout
Sun Nov 05 2017 17:32:11 GMT+0530 (IST): GET /users/login
Sun Nov 05 2017 17:32:13 GMT+0530 (IST): POST /users/login
Sun Nov 05 2017 17:32:14 GMT+0530 (IST): GET /
Sun Nov 05 2017 17:32:16 GMT+0530 (IST): GET /dashboard
Sun Nov 05 2017 17:32:44 GMT+0530 (IST): GET /dashboard
Sun Nov 05 2017 17:40:34 GMT+0530 (IST): GET /
Sun Nov 05 2017 17:40:35 GMT+0530 (IST): GET /
Sun Nov 05 2017 17:40:35 GMT+0530 (IST): GET /
Sun Nov 05 2017 17:40:35 GMT+0530 (IST): GET /
Sun Nov 05 2017 17:40:35 GMT+0530 (IST): GET /
Sun Nov 05 2017 17:40:37 GMT+0530 (IST): GET /dashboard
Sun Nov 05 2017 17:41:56 GMT+0530 (IST): GET /dashboard
Sun Nov 05 2017 17:43:47 GMT+0530 (IST): GET /dashboard
Sun Nov 05 2017 17:44:19 GMT+0530 (IST): GET /dashboard
Sun Nov 05 2017 17:44:20 GMT+0530 (IST): GET /dashboard
Sun Nov 05 2017 17:44:20 GMT+0530 (IST): GET /dashboard
Sun Nov 05 2017 17:44:20 GMT+0530 (IST): GET /dashboard
Sun Nov 05 2017 17:47:06 GMT+0530 (IST): GET /dashboard
Sun Nov 05 2017 17:47:06 GMT+0530 (IST): GET /favicon.ico
Sun Nov 05 2017 17:47:26 GMT+0530 (IST): GET /dashboard
Sun Nov 05 2017 17:47:59 GMT+0530 (IST): GET /dashboard
Sun Nov 05 2017 17:51:03 GMT+0530 (IST): GET /dashboard
Sun Nov 05 2017 17:51:04 GMT+0530 (IST): GET /dashboard
Sun Nov 05 2017 17:51:36 GMT+0530 (IST): GET /dashboard
Sun Nov 05 2017 17:51:37 GMT+0530 (IST): GET /dashboard
Sun Nov 05 2017 17:51:37 GMT+0530 (IST): GET /dashboard
Sun Nov 05 2017 17:51:37 GMT+0530 (IST): GET /dashboard
Sun Nov 05 2017 17:51:37 GMT+0530 (IST): GET /dashboard
Sun Nov 05 2017 17:54:03 GMT+0530 (IST): GET /dashboard
Sun Nov 05 2017 18:13:13 GMT+0530 (IST): GET /
Sun Nov 05 2017 18:13:13 GMT+0530 (IST): GET /users/login
Sun Nov 05 2017 18:13:15 GMT+0530 (IST): POST /users/login
Sun Nov 05 2017 18:13:15 GMT+0530 (IST): GET /
Sun Nov 05 2017 18:13:18 GMT+0530 (IST): GET /dashboard
Sun Nov 05 2017 18:13:24 GMT+0530 (IST): GET /css/bootstrap.css.map
Sun Nov 05 2017 18:15:41 GMT+0530 (IST): GET /
Sun Nov 05 2017 18:15:41 GMT+0530 (IST): GET /users/login
Sun Nov 05 2017 18:15:41 GMT+0530 (IST): GET /css/bootstrap.css.map
Sun Nov 05 2017 18:15:46 GMT+0530 (IST): POST /users/login
Sun Nov 05 2017 18:15:46 GMT+0530 (IST): GET /
Sun Nov 05 2017 18:15:46 GMT+0530 (IST): GET /css/bootstrap.css.map
Sun Nov 05 2017 18:15:48 GMT+0530 (IST): GET /dashboard
Sun Nov 05 2017 18:15:48 GMT+0530 (IST): GET /css/bootstrap.css.map
Sun Nov 05 2017 18:16:57 GMT+0530 (IST): GET /dashboard
Sun Nov 05 2017 18:16:57 GMT+0530 (IST): GET /users/login
Sun Nov 05 2017 18:16:58 GMT+0530 (IST): GET /css/bootstrap.css.map
Sun Nov 05 2017 18:16:59 GMT+0530 (IST): POST /users/login
Sun Nov 05 2017 18:16:59 GMT+0530 (IST): GET /
Sun Nov 05 2017 18:16:59 GMT+0530 (IST): GET /css/bootstrap.css.map
Sun Nov 05 2017 18:17:01 GMT+0530 (IST): GET /dashboard
Sun Nov 05 2017 18:17:01 GMT+0530 (IST): GET /css/bootstrap.css.map
Sun Nov 05 2017 18:17:11 GMT+0530 (IST): GET /dashboard
Sun Nov 05 2017 18:17:11 GMT+0530 (IST): GET /css/bootstrap.css.map
Sun Nov 05 2017 18:17:12 GMT+0530 (IST): GET /dashboard
Sun Nov 05 2017 18:17:12 GMT+0530 (IST): GET /css/bootstrap.css.map
Sun Nov 05 2017 18:17:12 GMT+0530 (IST): GET /dashboard
Sun Nov 05 2017 18:17:12 GMT+0530 (IST): GET /css/bootstrap.css.map
Sun Nov 05 2017 18:17:12 GMT+0530 (IST): GET /dashboard
Sun Nov 05 2017 18:17:12 GMT+0530 (IST): GET /css/bootstrap.css.map
Sun Nov 05 2017 18:17:38 GMT+0530 (IST): GET /
Sun Nov 05 2017 18:17:38 GMT+0530 (IST): GET /users/login
Sun Nov 05 2017 18:17:38 GMT+0530 (IST): GET /css/bootstrap.css.map
Sun Nov 05 2017 18:17:41 GMT+0530 (IST): POST /users/login
Sun Nov 05 2017 18:17:41 GMT+0530 (IST): GET /
Sun Nov 05 2017 18:17:41 GMT+0530 (IST): GET /css/bootstrap.css.map
Sun Nov 05 2017 18:17:44 GMT+0530 (IST): GET /dashboard
Sun Nov 05 2017 18:17:44 GMT+0530 (IST): GET /css/bootstrap.css.map
Sun Nov 05 2017 18:18:00 GMT+0530 (IST): GET /dashboard
Sun Nov 05 2017 18:18:01 GMT+0530 (IST): GET /css/bootstrap.css.map
Sun Nov 05 2017 18:18:01 GMT+0530 (IST): GET /dashboard
Sun Nov 05 2017 18:18:02 GMT+0530 (IST): GET /css/bootstrap.css.map
Sun Nov 05 2017 18:18:02 GMT+0530 (IST): GET /dashboard
Sun Nov 05 2017 18:18:02 GMT+0530 (IST): GET /dashboard
Sun Nov 05 2017 18:18:02 GMT+0530 (IST): GET /css/bootstrap.css.map
Sun Nov 05 2017 18:18:02 GMT+0530 (IST): GET /dashboard
Sun Nov 05 2017 18:18:02 GMT+0530 (IST): GET /css/bootstrap.css.map
Sun Nov 05 2017 18:18:02 GMT+0530 (IST): GET /dashboard
Sun Nov 05 2017 18:18:02 GMT+0530 (IST): GET /css/bootstrap.css.map
Sun Nov 05 2017 18:18:02 GMT+0530 (IST): GET /css/bootstrap.css.map
Sun Nov 05 2017 18:18:03 GMT+0530 (IST): GET /dashboard
Sun Nov 05 2017 18:18:03 GMT+0530 (IST): GET /dashboard
Sun Nov 05 2017 18:18:03 GMT+0530 (IST): GET /dashboard
Sun Nov 05 2017 18:18:03 GMT+0530 (IST): GET /css/bootstrap.css.map
Sun Nov 05 2017 18:18:03 GMT+0530 (IST): GET /dashboard
Sun Nov 05 2017 18:18:03 GMT+0530 (IST): GET /dashboard
Sun Nov 05 2017 18:18:03 GMT+0530 (IST): GET /css/bootstrap.css.map
Sun Nov 05 2017 18:18:03 GMT+0530 (IST): GET /dashboard
Sun Nov 05 2017 18:18:03 GMT+0530 (IST): GET /dashboard
Sun Nov 05 2017 18:18:03 GMT+0530 (IST): GET /css/bootstrap.css.map
Sun Nov 05 2017 18:18:03 GMT+0530 (IST): GET /dashboard
Sun Nov 05 2017 18:18:03 GMT+0530 (IST): GET /css/bootstrap.css.map
Sun Nov 05 2017 18:18:04 GMT+0530 (IST): GET /css/bootstrap.css.map
Sun Nov 05 2017 18:18:14 GMT+0530 (IST): GET /
Sun Nov 05 2017 18:18:14 GMT+0530 (IST): GET /users/login
Sun Nov 05 2017 18:18:18 GMT+0530 (IST): POST /users/login
Sun Nov 05 2017 18:18:19 GMT+0530 (IST): GET /
Sun Nov 05 2017 18:18:21 GMT+0530 (IST): GET /css/bootstrap.css.map
Sun Nov 05 2017 18:18:40 GMT+0530 (IST): GET /dashboard
Sun Nov 05 2017 18:18:40 GMT+0530 (IST): GET /css/bootstrap.css.map
Sun Nov 05 2017 18:20:37 GMT+0530 (IST): GET /
Sun Nov 05 2017 18:20:37 GMT+0530 (IST): GET /users/login
Sun Nov 05 2017 18:20:37 GMT+0530 (IST): GET /css/bootstrap.css.map
Sun Nov 05 2017 18:20:39 GMT+0530 (IST): POST /users/login
Sun Nov 05 2017 18:20:39 GMT+0530 (IST): GET /
Sun Nov 05 2017 18:20:39 GMT+0530 (IST): GET /css/bootstrap.css.map
Sun Nov 05 2017 18:20:42 GMT+0530 (IST): GET /dashboard
Sun Nov 05 2017 18:20:42 GMT+0530 (IST): GET /css/bootstrap.css.map
Sun Nov 05 2017 18:25:08 GMT+0530 (IST): GET /
Sun Nov 05 2017 18:25:08 GMT+0530 (IST): GET /users/login
Sun Nov 05 2017 18:25:08 GMT+0530 (IST): GET /css/bootstrap.css.map
Sun Nov 05 2017 18:25:09 GMT+0530 (IST): POST /users/login
Sun Nov 05 2017 18:25:09 GMT+0530 (IST): GET /
Sun Nov 05 2017 18:25:10 GMT+0530 (IST): GET /css/bootstrap.css.map
Sun Nov 05 2017 18:25:17 GMT+0530 (IST): GET /dashboard
Sun Nov 05 2017 18:25:17 GMT+0530 (IST): GET /css/bootstrap.css.map
Sun Nov 05 2017 18:25:39 GMT+0530 (IST): GET /tinyurl/del/9
Sun Nov 05 2017 18:25:39 GMT+0530 (IST): GET /error
Sun Nov 05 2017 18:26:05 GMT+0530 (IST): GET /
Sun Nov 05 2017 18:26:05 GMT+0530 (IST): GET /users/login
Sun Nov 05 2017 18:26:06 GMT+0530 (IST): GET /css/bootstrap.css.map
Sun Nov 05 2017 18:26:07 GMT+0530 (IST): POST /users/login
Sun Nov 05 2017 18:26:07 GMT+0530 (IST): GET /
Sun Nov 05 2017 18:26:08 GMT+0530 (IST): GET /css/bootstrap.css.map
Sun Nov 05 2017 18:26:10 GMT+0530 (IST): GET /dashboard
Sun Nov 05 2017 18:26:10 GMT+0530 (IST): GET /css/bootstrap.css.map
Sun Nov 05 2017 18:26:16 GMT+0530 (IST): GET /tinyurl/del/9
Sun Nov 05 2017 18:26:16 GMT+0530 (IST): GET /error
Sun Nov 05 2017 18:26:16 GMT+0530 (IST): GET /css/styles.css
Sun Nov 05 2017 18:26:16 GMT+0530 (IST): GET /javascripts/shorten.js?_=1509886570940
Sun Nov 05 2017 18:27:38 GMT+0530 (IST): GET /
Sun Nov 05 2017 18:27:38 GMT+0530 (IST): GET /users/login
Sun Nov 05 2017 18:27:38 GMT+0530 (IST): GET /css/bootstrap.css.map
Sun Nov 05 2017 18:27:40 GMT+0530 (IST): POST /users/login
Sun Nov 05 2017 18:27:40 GMT+0530 (IST): GET /
Sun Nov 05 2017 18:27:40 GMT+0530 (IST): GET /css/bootstrap.css.map
Sun Nov 05 2017 18:27:41 GMT+0530 (IST): GET /dashboard
Sun Nov 05 2017 18:27:41 GMT+0530 (IST): GET /css/bootstrap.css.map
Sun Nov 05 2017 18:27:49 GMT+0530 (IST): GET /tinyurl/del/9
Sun Nov 05 2017 18:27:49 GMT+0530 (IST): GET /error
Sun Nov 05 2017 18:31:22 GMT+0530 (IST): GET /
Sun Nov 05 2017 18:31:22 GMT+0530 (IST): GET /users/login
Sun Nov 05 2017 18:31:22 GMT+0530 (IST): GET /css/bootstrap.css.map
Sun Nov 05 2017 18:31:31 GMT+0530 (IST): POST /users/login
Sun Nov 05 2017 18:31:31 GMT+0530 (IST): GET /
Sun Nov 05 2017 18:31:33 GMT+0530 (IST): GET /dashboard
Sun Nov 05 2017 18:31:38 GMT+0530 (IST): GET /css/bootstrap.css.map
Sun Nov 05 2017 18:31:41 GMT+0530 (IST): GET /dashboard
Sun Nov 05 2017 18:31:41 GMT+0530 (IST): GET /css/bootstrap.css.map
Sun Nov 05 2017 18:31:57 GMT+0530 (IST): GET /tinyurl/del/9
Sun Nov 05 2017 18:31:57 GMT+0530 (IST): GET /error
Sun Nov 05 2017 18:34:45 GMT+0530 (IST): GET /
Sun Nov 05 2017 18:34:45 GMT+0530 (IST): GET /users/login
Sun Nov 05 2017 18:34:45 GMT+0530 (IST): GET /css/bootstrap.css.map
Sun Nov 05 2017 18:34:47 GMT+0530 (IST): POST /users/login
Sun Nov 05 2017 18:34:47 GMT+0530 (IST): GET /
Sun Nov 05 2017 18:34:48 GMT+0530 (IST): GET /css/bootstrap.css.map
Sun Nov 05 2017 18:34:50 GMT+0530 (IST): GET /dashboard
Sun Nov 05 2017 18:34:50 GMT+0530 (IST): GET /css/bootstrap.css.map
Sun Nov 05 2017 18:35:12 GMT+0530 (IST): GET /tinyurl/del/9
Sun Nov 05 2017 18:35:12 GMT+0530 (IST): GET /dashboard
Sun Nov 05 2017 18:37:50 GMT+0530 (IST): GET /
Sun Nov 05 2017 18:37:50 GMT+0530 (IST): GET /users/login
Sun Nov 05 2017 18:37:50 GMT+0530 (IST): GET /css/bootstrap.css.map
Sun Nov 05 2017 18:37:53 GMT+0530 (IST): POST /users/login
Sun Nov 05 2017 18:37:53 GMT+0530 (IST): GET /
Sun Nov 05 2017 18:37:53 GMT+0530 (IST): GET /css/bootstrap.css.map
Sun Nov 05 2017 18:37:55 GMT+0530 (IST): GET /dashboard
Sun Nov 05 2017 18:37:56 GMT+0530 (IST): GET /css/bootstrap.css.map
Sun Nov 05 2017 18:38:44 GMT+0530 (IST): GET /dashboard
Sun Nov 05 2017 18:38:44 GMT+0530 (IST): GET /css/bootstrap.css.map
Sun Nov 05 2017 18:39:03 GMT+0530 (IST): GET /css/bootstrap.css.map
Sun Nov 05 2017 18:39:06 GMT+0530 (IST): GET /
Sun Nov 05 2017 18:39:06 GMT+0530 (IST): GET /users/login
Sun Nov 05 2017 18:39:06 GMT+0530 (IST): GET /css/bootstrap.css.map
Sun Nov 05 2017 18:39:08 GMT+0530 (IST): POST /users/login
Sun Nov 05 2017 18:39:08 GMT+0530 (IST): GET /
Sun Nov 05 2017 18:39:08 GMT+0530 (IST): GET /css/bootstrap.css.map
Sun Nov 05 2017 18:39:11 GMT+0530 (IST): GET /dashboard
Sun Nov 05 2017 18:39:12 GMT+0530 (IST): GET /css/bootstrap.css.map
Sun Nov 05 2017 18:39:18 GMT+0530 (IST): GET /tinyurl/del/10
Sun Nov 05 2017 18:39:18 GMT+0530 (IST): GET /dashboard
Sun Nov 05 2017 18:39:44 GMT+0530 (IST): GET /css/bootstrap.css.map
Sun Nov 05 2017 18:39:52 GMT+0530 (IST): GET /tinyurl
Sun Nov 05 2017 18:39:52 GMT+0530 (IST): GET /css/bootstrap.css.map
Sun Nov 05 2017 18:40:02 GMT+0530 (IST): POST /shorten
Sun Nov 05 2017 18:40:04 GMT+0530 (IST): GET /dashboard
Sun Nov 05 2017 18:40:04 GMT+0530 (IST): GET /css/bootstrap.css.map
Sun Nov 05 2017 18:40:07 GMT+0530 (IST): GET /tinyurl/del/11
Sun Nov 05 2017 18:40:07 GMT+0530 (IST): GET /dashboard
Sun Nov 05 2017 18:40:11 GMT+0530 (IST): GET /css/bootstrap.css.map
Sun Nov 05 2017 18:40:39 GMT+0530 (IST): GET /tinyurl
Sun Nov 05 2017 18:40:41 GMT+0530 (IST): POST /shorten
Sun Nov 05 2017 18:40:45 GMT+0530 (IST): GET /dashboard
Sun Nov 05 2017 18:40:48 GMT+0530 (IST): GET /tinyurl/del/12
Sun Nov 05 2017 18:40:48 GMT+0530 (IST): GET /dashboard
Sun Nov 05 2017 18:40:57 GMT+0530 (IST): GET /tinyurl
Sun Nov 05 2017 18:40:58 GMT+0530 (IST): POST /shorten
Sun Nov 05 2017 18:41:13 GMT+0530 (IST): GET /dashboard
Sun Nov 05 2017 18:41:16 GMT+0530 (IST): GET /tinyurl/del/13
Sun Nov 05 2017 18:41:16 GMT+0530 (IST): GET /dashboard
Sun Nov 05 2017 18:41:24 GMT+0530 (IST): GET /tinyurl
Sun Nov 05 2017 18:41:27 GMT+0530 (IST): POST /shorten
Sun Nov 05 2017 18:41:30 GMT+0530 (IST): GET /dashboard
Sun Nov 05 2017 18:41:33 GMT+0530 (IST): GET /tinyurl/del/14
Sun Nov 05 2017 18:41:33 GMT+0530 (IST): GET /dashboard
Sun Nov 05 2017 18:41:46 GMT+0530 (IST): GET /dashboard
Sun Nov 05 2017 18:41:54 GMT+0530 (IST): GET /
Sun Nov 05 2017 18:41:54 GMT+0530 (IST): GET /users/login
Sun Nov 05 2017 18:41:58 GMT+0530 (IST): POST /users/login
Sun Nov 05 2017 18:41:58 GMT+0530 (IST): GET /
Sun Nov 05 2017 18:42:01 GMT+0530 (IST): POST /shorten
Sun Nov 05 2017 18:42:03 GMT+0530 (IST): GET /tinyurl
Sun Nov 05 2017 18:42:04 GMT+0530 (IST): GET /dashboard
Sun Nov 05 2017 18:42:05 GMT+0530 (IST): GET /tinyurl/del/15
Sun Nov 05 2017 18:42:05 GMT+0530 (IST): GET /dashboard
Sun Nov 05 2017 18:42:12 GMT+0530 (IST): GET /tinyurl
Sun Nov 05 2017 18:42:14 GMT+0530 (IST): POST /shorten
Sun Nov 05 2017 18:42:26 GMT+0530 (IST): POST /shorten
Sun Nov 05 2017 18:42:29 GMT+0530 (IST): GET /dashboard
Sun Nov 05 2017 18:42:30 GMT+0530 (IST): GET /tinyurl/del/16
Sun Nov 05 2017 18:42:30 GMT+0530 (IST): GET /dashboard
Sun Nov 05 2017 18:42:32 GMT+0530 (IST): GET /tinyurl/del/17
Sun Nov 05 2017 18:42:32 GMT+0530 (IST): GET /dashboard
Sun Nov 05 2017 18:44:59 GMT+0530 (IST): GET /
Sun Nov 05 2017 18:44:59 GMT+0530 (IST): GET /users/login
Sun Nov 05 2017 18:45:01 GMT+0530 (IST): POST /users/login
Sun Nov 05 2017 18:45:01 GMT+0530 (IST): GET /
Sun Nov 05 2017 18:45:02 GMT+0530 (IST): GET /dashboard
Sun Nov 05 2017 18:45:04 GMT+0530 (IST): GET /dashboard
Sun Nov 05 2017 18:45:06 GMT+0530 (IST): GET /dashboard
Sun Nov 05 2017 18:45:45 GMT+0530 (IST): GET /tinyurl
Sun Nov 05 2017 18:45:49 GMT+0530 (IST): POST /shorten
Sun Nov 05 2017 18:45:51 GMT+0530 (IST): GET /dashboard
Sun Nov 05 2017 18:45:57 GMT+0530 (IST): GET /tinyurl/del/18
Sun Nov 05 2017 18:45:57 GMT+0530 (IST): GET /dashboard
Sun Nov 05 2017 18:46:03 GMT+0530 (IST): GET /dashboard
Sun Nov 05 2017 18:46:19 GMT+0530 (IST): GET /dashboard
Sun Nov 05 2017 18:46:20 GMT+0530 (IST): GET /dashboard
Sun Nov 05 2017 18:46:24 GMT+0530 (IST): GET /tinyurl
Sun Nov 05 2017 18:46:26 GMT+0530 (IST): POST /shorten
Sun Nov 05 2017 18:46:27 GMT+0530 (IST): GET /dashboard
Sun Nov 05 2017 18:46:39 GMT+0530 (IST): GET /dashboard
Sun Nov 05 2017 18:47:29 GMT+0530 (IST): GET /dashboard
Sun Nov 05 2017 18:47:30 GMT+0530 (IST): GET /dashboard
Sun Nov 05 2017 18:47:30 GMT+0530 (IST): GET /dashboard
Sun Nov 05 2017 18:47:31 GMT+0530 (IST): GET /users/logout
Sun Nov 05 2017 18:47:31 GMT+0530 (IST): GET /users/login
Sun Nov 05 2017 18:47:39 GMT+0530 (IST): POST /users/login
Sun Nov 05 2017 18:47:39 GMT+0530 (IST): GET /
Sun Nov 05 2017 18:47:43 GMT+0530 (IST): GET /dashboard
Sun Nov 05 2017 18:47:45 GMT+0530 (IST): GET /tinyurl/del/19
Sun Nov 05 2017 18:47:45 GMT+0530 (IST): GET /dashboard
Sun Nov 05 2017 18:47:54 GMT+0530 (IST): GET /css/bootstrap.css.map
Sun Nov 05 2017 18:48:15 GMT+0530 (IST): GET /users/logout
Sun Nov 05 2017 18:48:15 GMT+0530 (IST): GET /users/login
Sun Nov 05 2017 18:53:41 GMT+0530 (IST): GET /
Sun Nov 05 2017 18:53:41 GMT+0530 (IST): GET /users/login
Sun Nov 05 2017 18:53:42 GMT+0530 (IST): POST /users/login
Sun Nov 05 2017 18:53:42 GMT+0530 (IST): GET /
Sun Nov 05 2017 18:53:44 GMT+0530 (IST): GET /tinyurl
Sun Nov 05 2017 18:53:47 GMT+0530 (IST): POST /shorten
Sun Nov 05 2017 18:53:50 GMT+0530 (IST): GET /dashboard
Sun Nov 05 2017 18:55:48 GMT+0530 (IST): GET /tinyurl
Sun Nov 05 2017 18:55:48 GMT+0530 (IST): GET /users/login
Sun Nov 05 2017 18:55:49 GMT+0530 (IST): POST /users/login
Sun Nov 05 2017 18:55:49 GMT+0530 (IST): GET /
Sun Nov 05 2017 18:55:51 GMT+0530 (IST): GET /dashboard
Sun Nov 05 2017 18:58:05 GMT+0530 (IST): GET /dashboard
Sun Nov 05 2017 18:58:05 GMT+0530 (IST): GET /users/login
Sun Nov 05 2017 18:58:06 GMT+0530 (IST): POST /users/login
Sun Nov 05 2017 18:58:07 GMT+0530 (IST): GET /
Sun Nov 05 2017 18:58:08 GMT+0530 (IST): GET /dashboard
Sun Nov 05 2017 19:00:49 GMT+0530 (IST): GET /
Sun Nov 05 2017 19:00:49 GMT+0530 (IST): GET /users/login
Sun Nov 05 2017 19:00:51 GMT+0530 (IST): POST /users/login
Sun Nov 05 2017 19:00:51 GMT+0530 (IST): GET /
Sun Nov 05 2017 19:00:55 GMT+0530 (IST): POST /shorten
Sun Nov 05 2017 19:00:57 GMT+0530 (IST): GET /dashboard
Sun Nov 05 2017 19:08:35 GMT+0530 (IST): GET /
Sun Nov 05 2017 19:08:35 GMT+0530 (IST): GET /users/login
Sun Nov 05 2017 19:08:37 GMT+0530 (IST): POST /users/login
Sun Nov 05 2017 19:08:37 GMT+0530 (IST): GET /
Sun Nov 05 2017 19:08:40 GMT+0530 (IST): GET /dashboard
Sun Nov 05 2017 19:09:54 GMT+0530 (IST): GET /dashboard
Sun Nov 05 2017 19:09:54 GMT+0530 (IST): GET /users/login
Sun Nov 05 2017 19:09:56 GMT+0530 (IST): POST /users/login
Sun Nov 05 2017 19:09:56 GMT+0530 (IST): GET /
Sun Nov 05 2017 19:09:57 GMT+0530 (IST): GET /dashboard
Sun Nov 05 2017 19:10:14 GMT+0530 (IST): GET /tinyurl/del/20
Sun Nov 05 2017 19:10:14 GMT+0530 (IST): GET /dashboard
Sun Nov 05 2017 19:10:18 GMT+0530 (IST): GET /tinyurl/del/21
Sun Nov 05 2017 19:10:18 GMT+0530 (IST): GET /dashboard
Sun Nov 05 2017 19:10:20 GMT+0530 (IST): GET /tinyurl
Sun Nov 05 2017 19:10:27 GMT+0530 (IST): POST /shorten
Sun Nov 05 2017 19:10:29 GMT+0530 (IST): GET /dashboard
Sun Nov 05 2017 19:10:31 GMT+0530 (IST): GET /tinyurl/del/22
Sun Nov 05 2017 19:10:31 GMT+0530 (IST): GET /dashboard
Sun Nov 05 2017 19:10:37 GMT+0530 (IST): GET /tinyurl
Sun Nov 05 2017 19:10:42 GMT+0530 (IST): POST /shorten
Sun Nov 05 2017 19:10:50 GMT+0530 (IST): POST /shorten
Sun Nov 05 2017 19:10:52 GMT+0530 (IST): GET /dashboard
Sun Nov 05 2017 19:10:53 GMT+0530 (IST): GET /tinyurl/del/23
Sun Nov 05 2017 19:10:53 GMT+0530 (IST): GET /dashboard
Sun Nov 05 2017 19:11:06 GMT+0530 (IST): GET /tinyurl/del/24
Sun Nov 05 2017 19:11:06 GMT+0530 (IST): GET /dashboard
Sun Nov 05 2017 19:11:07 GMT+0530 (IST): GET /dashboard
Sun Nov 05 2017 19:17:26 GMT+0530 (IST): GET /dashboard
Sun Nov 05 2017 19:17:26 GMT+0530 (IST): GET /users/login
Sun Nov 05 2017 19:17:27 GMT+0530 (IST): POST /users/login
Sun Nov 05 2017 19:17:27 GMT+0530 (IST): GET /
Sun Nov 05 2017 19:17:28 GMT+0530 (IST): GET /dashboard
Sun Nov 05 2017 19:17:32 GMT+0530 (IST): GET /tinyurl
Sun Nov 05 2017 19:17:40 GMT+0530 (IST): POST /shorten
Sun Nov 05 2017 19:17:42 GMT+0530 (IST): GET /dashboard
Sun Nov 05 2017 19:17:45 GMT+0530 (IST): GET /css/bootstrap.css.map
Sun Nov 05 2017 19:18:07 GMT+0530 (IST): GET /dashboard
Sun Nov 05 2017 19:18:07 GMT+0530 (IST): GET /css/bootstrap.css.map
Sun Nov 05 2017 19:18:10 GMT+0530 (IST): GET /tinyurl/del/25
Sun Nov 05 2017 19:18:10 GMT+0530 (IST): GET /dashboard
Sun Nov 05 2017 19:18:10 GMT+0530 (IST): GET /css/bootstrap.css.map
Sun Nov 05 2017 19:18:14 GMT+0530 (IST): GET /dashboard
Sun Nov 05 2017 19:18:14 GMT+0530 (IST): GET /css/bootstrap.css.map
Sun Nov 05 2017 19:18:15 GMT+0530 (IST): GET /tinyurl
Sun Nov 05 2017 19:18:16 GMT+0530 (IST): GET /css/bootstrap.css.map
Sun Nov 05 2017 19:18:19 GMT+0530 (IST): POST /shorten
Sun Nov 05 2017 19:18:21 GMT+0530 (IST): GET /dashboard
Sun Nov 05 2017 19:18:21 GMT+0530 (IST): GET /css/bootstrap.css.map
Sun Nov 05 2017 19:18:23 GMT+0530 (IST): GET /tinyurl/del/26
Sun Nov 05 2017 19:18:23 GMT+0530 (IST): GET /dashboard
Sun Nov 05 2017 19:18:23 GMT+0530 (IST): GET /css/bootstrap.css.map
Sun Nov 05 2017 19:18:50 GMT+0530 (IST): GET /tinyurl
Sun Nov 05 2017 19:18:50 GMT+0530 (IST): GET /css/bootstrap.css.map
Sun Nov 05 2017 19:18:52 GMT+0530 (IST): POST /shorten
Sun Nov 05 2017 19:19:24 GMT+0530 (IST): GET /dashboard
Sun Nov 05 2017 19:19:25 GMT+0530 (IST): GET /tinyurl
Sun Nov 05 2017 19:19:27 GMT+0530 (IST): GET /users/logout
Sun Nov 05 2017 19:19:27 GMT+0530 (IST): GET /users/login
Sun Nov 05 2017 19:19:32 GMT+0530 (IST): GET /users/login
Sun Nov 05 2017 19:19:33 GMT+0530 (IST): POST /users/login
Sun Nov 05 2017 19:19:33 GMT+0530 (IST): GET /
Sun Nov 05 2017 19:19:34 GMT+0530 (IST): GET /users/logout
Sun Nov 05 2017 19:19:34 GMT+0530 (IST): GET /users/login
Sun Nov 05 2017 19:19:36 GMT+0530 (IST): GET /users/login
Sun Nov 05 2017 19:19:37 GMT+0530 (IST): POST /users/login
Sun Nov 05 2017 19:19:37 GMT+0530 (IST): GET /
Sun Nov 05 2017 19:19:38 GMT+0530 (IST): GET /tinyurl
Sun Nov 05 2017 19:40:30 GMT+0530 (IST): GET /tinyurl
Sun Nov 05 2017 19:40:33 GMT+0530 (IST): GET /tinyurl
Sun Nov 05 2017 19:40:40 GMT+0530 (IST): GET /tinyurl
Sun Nov 05 2017 19:40:40 GMT+0530 (IST): GET /users/login
Sun Nov 05 2017 19:40:52 GMT+0530 (IST): POST /users/login
Sun Nov 05 2017 19:40:52 GMT+0530 (IST): GET /users/login
Sun Nov 05 2017 19:41:00 GMT+0530 (IST): POST /users/login
Sun Nov 05 2017 19:41:00 GMT+0530 (IST): GET /users/login
Sun Nov 05 2017 19:41:05 GMT+0530 (IST): POST /users/login
Sun Nov 05 2017 19:41:05 GMT+0530 (IST): GET /users/login
Sun Nov 05 2017 19:41:08 GMT+0530 (IST): GET /users/register
Sun Nov 05 2017 19:41:11 GMT+0530 (IST): GET /users/login
Sun Nov 05 2017 19:41:13 GMT+0530 (IST): POST /users/login
Sun Nov 05 2017 19:41:13 GMT+0530 (IST): GET /
Sun Nov 05 2017 19:41:17 GMT+0530 (IST): GET /users/logout
Sun Nov 05 2017 19:41:17 GMT+0530 (IST): GET /users/login
Sun Nov 05 2017 19:41:19 GMT+0530 (IST): GET /users/register
Sun Nov 05 2017 19:42:07 GMT+0530 (IST): POST /users/register
Sun Nov 05 2017 19:42:07 GMT+0530 (IST): GET /users/login
Sun Nov 05 2017 19:42:15 GMT+0530 (IST): POST /users/login
Sun Nov 05 2017 19:42:15 GMT+0530 (IST): GET /
Sun Nov 05 2017 19:42:20 GMT+0530 (IST): POST /shorten
Sun Nov 05 2017 19:42:47 GMT+0530 (IST): GET /tinyurl/u
Sun Nov 05 2017 19:42:47 GMT+0530 (IST): GET /tinyurl/kjadhkasdf
Sun Nov 05 2017 19:42:47 GMT+0530 (IST): GET /error
Sun Nov 05 2017 19:42:47 GMT+0530 (IST): GET /css/styles.css
Sun Nov 05 2017 19:42:47 GMT+0530 (IST): GET /javascripts/shorten.js
Sun Nov 05 2017 19:42:47 GMT+0530 (IST): GET /javascripts/shorten.js
Sun Nov 05 2017 19:44:05 GMT+0530 (IST): GET /dashboard
Sun Nov 05 2017 19:44:09 GMT+0530 (IST): GET /tinyurl/del/27
Sun Nov 05 2017 19:44:09 GMT+0530 (IST): GET /dashboard
Sun Nov 05 2017 19:44:16 GMT+0530 (IST): GET /users/logout
Sun Nov 05 2017 19:44:16 GMT+0530 (IST): GET /users/login
Sun Nov 05 2017 19:57:50 GMT+0530 (IST): GET /users/login
Sun Nov 05 2017 19:57:52 GMT+0530 (IST): POST /users/login
Sun Nov 05 2017 19:57:52 GMT+0530 (IST): GET /
Sun Nov 05 2017 19:57:54 GMT+0530 (IST): GET /dashboard
Sun Nov 05 2017 19:58:16 GMT+0530 (IST): GET /tinyurl
Sun Nov 05 2017 20:03:37 GMT+0530 (IST): GET /users/logout
Sun Nov 05 2017 20:03:37 GMT+0530 (IST): GET /users/login
Sun Nov 05 2017 20:03:40 GMT+0530 (IST): POST /users/login
Sun Nov 05 2017 20:03:40 GMT+0530 (IST): GET /users/login
Sun Nov 05 2017 20:10:21 GMT+0530 (IST): POST /users/login
Sun Nov 05 2017 20:10:22 GMT+0530 (IST): GET /
Sun Nov 05 2017 20:10:22 GMT+0530 (IST): GET /dashboard
Mon Nov 06 2017 00:03:29 GMT+0530 (IST): GET /dashboard
Mon Nov 06 2017 00:03:29 GMT+0530 (IST): GET /users/login
Mon Nov 06 2017 00:03:32 GMT+0530 (IST): GET /users/register
Mon Nov 06 2017 00:03:54 GMT+0530 (IST): POST /users/register
Mon Nov 06 2017 00:03:54 GMT+0530 (IST): GET /users/register
Mon Nov 06 2017 00:39:38 GMT+0530 (IST): GET /
Mon Nov 06 2017 00:39:38 GMT+0530 (IST): GET /users/login
Tue Nov 07 2017 17:20:44 GMT+0530 (IST): GET /
Tue Nov 07 2017 17:20:44 GMT+0530 (IST): GET /users/login
Tue Nov 07 2017 17:20:45 GMT+0530 (IST): GET /favicon.ico
Tue Nov 07 2017 17:47:40 GMT+0530 (IST): GET /
Tue Nov 07 2017 17:47:40 GMT+0530 (IST): GET /users/login
Tue Nov 07 2017 17:47:43 GMT+0530 (IST): POST /users/login
Tue Nov 07 2017 17:47:43 GMT+0530 (IST): GET /users/login
Tue Nov 07 2017 17:47:46 GMT+0530 (IST): POST /users/login
Tue Nov 07 2017 17:47:46 GMT+0530 (IST): GET /users/login
Tue Nov 07 2017 17:48:44 GMT+0530 (IST): GET /users/register
Tue Nov 07 2017 17:48:57 GMT+0530 (IST): GET /users/login
Tue Nov 07 2017 17:54:16 GMT+0530 (IST): GET /users/login
Tue Nov 07 2017 17:54:18 GMT+0530 (IST): POST /users/login
Tue Nov 07 2017 17:54:18 GMT+0530 (IST): GET /
Tue Nov 07 2017 17:54:24 GMT+0530 (IST): POST /shorten
Tue Nov 07 2017 17:54:27 GMT+0530 (IST): GET /tinyurl/v
Tue Nov 07 2017 17:57:54 GMT+0530 (IST): GET /
Tue Nov 07 2017 17:57:54 GMT+0530 (IST): GET /users/login
Tue Nov 07 2017 17:57:56 GMT+0530 (IST): POST /users/login
Tue Nov 07 2017 17:57:56 GMT+0530 (IST): GET /
Tue Nov 07 2017 17:57:57 GMT+0530 (IST): GET /dashboard
Tue Nov 07 2017 17:58:04 GMT+0530 (IST): GET /tinyurl
Tue Nov 07 2017 17:58:07 GMT+0530 (IST): POST /shorten
Tue Nov 07 2017 17:58:08 GMT+0530 (IST): GET /tinyurl/w
Tue Nov 07 2017 18:00:03 GMT+0530 (IST): GET /
Tue Nov 07 2017 18:00:03 GMT+0530 (IST): GET /users/login
Tue Nov 07 2017 18:00:04 GMT+0530 (IST): POST /users/login
Tue Nov 07 2017 18:00:04 GMT+0530 (IST): GET /
Tue Nov 07 2017 18:00:14 GMT+0530 (IST): POST /shorten
Tue Nov 07 2017 18:00:15 GMT+0530 (IST): GET /tinyurl/x
Tue Nov 07 2017 18:01:04 GMT+0530 (IST): POST /shorten
Tue Nov 07 2017 18:01:04 GMT+0530 (IST): GET /users/login
Tue Nov 07 2017 18:01:08 GMT+0530 (IST): GET /
Tue Nov 07 2017 18:01:08 GMT+0530 (IST): GET /users/login
Tue Nov 07 2017 18:01:09 GMT+0530 (IST): POST /users/login
Tue Nov 07 2017 18:01:09 GMT+0530 (IST): GET /
Tue Nov 07 2017 18:01:15 GMT+0530 (IST): POST /shorten
Tue Nov 07 2017 18:06:36 GMT+0530 (IST): GET /tinyurl/y
Tue Nov 07 2017 18:08:18 GMT+0530 (IST): GET /tinyurl/y
Tue Nov 07 2017 18:09:00 GMT+0530 (IST): GET /tinyurl/y
Tue Nov 07 2017 18:09:33 GMT+0530 (IST): GET /
Tue Nov 07 2017 18:09:33 GMT+0530 (IST): GET /users/login
Tue Nov 07 2017 18:09:35 GMT+0530 (IST): POST /users/login
Tue Nov 07 2017 18:09:35 GMT+0530 (IST): GET /
Tue Nov 07 2017 18:09:37 GMT+0530 (IST): GET /dashboard
Tue Nov 07 2017 18:10:42 GMT+0530 (IST): GET /tinyurl/y
Tue Nov 07 2017 18:12:29 GMT+0530 (IST): GET /tinyurl/y
Tue Nov 07 2017 18:14:51 GMT+0530 (IST): GET /
Tue Nov 07 2017 18:14:51 GMT+0530 (IST): GET /users/login
Tue Nov 07 2017 18:14:52 GMT+0530 (IST): POST /users/login
Tue Nov 07 2017 18:14:53 GMT+0530 (IST): GET /
Tue Nov 07 2017 18:14:56 GMT+0530 (IST): GET /dashboard
Tue Nov 07 2017 18:15:05 GMT+0530 (IST): GET /tinyurl/y
Tue Nov 07 2017 18:17:01 GMT+0530 (IST): GET /
Tue Nov 07 2017 18:17:01 GMT+0530 (IST): GET /users/login
Tue Nov 07 2017 18:17:11 GMT+0530 (IST): POST /users/login
Tue Nov 07 2017 18:17:11 GMT+0530 (IST): GET /
Tue Nov 07 2017 18:17:14 GMT+0530 (IST): GET /dashboard
Tue Nov 07 2017 18:17:17 GMT+0530 (IST): GET /tinyurl/y
Tue Nov 07 2017 18:20:49 GMT+0530 (IST): GET /
Tue Nov 07 2017 18:20:49 GMT+0530 (IST): GET /users/login
Tue Nov 07 2017 18:20:51 GMT+0530 (IST): POST /users/login
Tue Nov 07 2017 18:20:51 GMT+0530 (IST): GET /
Tue Nov 07 2017 18:21:05 GMT+0530 (IST): POST /shorten
Tue Nov 07 2017 18:21:07 GMT+0530 (IST): GET /tinyurl/z
Tue Nov 07 2017 18:22:03 GMT+0530 (IST): POST /shorten
Tue Nov 07 2017 18:22:05 GMT+0530 (IST): GET /tinyurl/z
Tue Nov 07 2017 18:22:31 GMT+0530 (IST): GET /
Tue Nov 07 2017 18:22:35 GMT+0530 (IST): GET /dashboard
Tue Nov 07 2017 18:22:39 GMT+0530 (IST): GET /tinyurl/z
Wed Nov 08 2017 17:12:50 GMT+0530 (IST): GET /
Wed Nov 08 2017 17:13:36 GMT+0530 (IST): GET /
Wed Nov 08 2017 17:13:36 GMT+0530 (IST): GET /users/login
Wed Nov 08 2017 17:13:37 GMT+0530 (IST): GET /favicon.ico
Wed Nov 08 2017 17:13:39 GMT+0530 (IST): GET /users/login
Wed Nov 08 2017 17:13:41 GMT+0530 (IST): GET /users/register
